<?xml version="1.0" encoding="UTF-8"?>
<!-- Generated by org.testng.reporters.JUnitReportReporter -->
<testsuite hostname="DESKTOP-36IJ477" failures="0" tests="1" name="com.inetBanking.testCases.TC_LoginTest_001" time="1.655" errors="0" timestamp="2024-02-04T18:26:03 IST" skipped="0">
  <testcase classname="com.inetBanking.testCases.TC_LoginTest_001" name="loginTest" time="1.655"/>
</testsuite> <!-- com.inetBanking.testCases.TC_LoginTest_001 -->
